<?xml version="1.0" encoding="UTF-8"?>
<!-- Generated by org.testng.reporters.JUnitReportReporter -->
<testsuite skipped="0" hostname="ncs-300119ml05" name="com.proj.sample.test.GroupTestProductService" tests="4" failures="0" timestamp="11 Mar 2019 09:50:02 GMT" time="0.260" errors="0">
  <testcase name="editProductTest" time="0.081" classname="com.proj.sample.test.GroupTestProductService"/>
  <testcase name="getAllProductsTest" time="0.166" classname="com.proj.sample.test.GroupTestProductService"/>
  <testcase name="createProductTest" time="0.007" classname="com.proj.sample.test.GroupTestProductService"/>
  <testcase name="getProductByIdTest" time="0.006" classname="com.proj.sample.test.GroupTestProductService"/>
</testsuite> <!-- com.proj.sample.test.GroupTestProductService -->
